<?xml version="1.0" encoding="UTF-8"?>
<testsuite name="com.example.customer.OrderDetailApplicationTests" tests="1" skipped="0" failures="0" errors="0" timestamp="2023-09-12T15:04:55" hostname="hanjeongheon-ui-MacBookPro.local" time="0.095">
  <properties/>
  <testcase name="contextLoads()" classname="com.example.customer.OrderDetailApplicationTests" time="0.095"/>
  <system-out><![CDATA[2023-09-13 00:04:51 [Test worker] INFO  o.s.b.t.c.SpringBootTestContextBootstrapper - Neither @ContextConfiguration nor @ContextHierarchy found for test class [com.example.customer.OrderDetailApplicationTests], using SpringBootContextLoader
2023-09-13 00:04:51 [Test worker] INFO  o.s.t.c.s.AbstractContextLoader - Could not detect default resource locations for test class [com.example.customer.OrderDetailApplicationTests]: no resource found for suffixes {-context.xml, Context.groovy}.
2023-09-13 00:04:51 [Test worker] INFO  o.s.t.c.s.AnnotationConfigContextLoaderUtils - Could not detect default configuration classes for test class [com.example.customer.OrderDetailApplicationTests]: OrderDetailApplicationTests does not declare any static, non-private, non-final, nested classes annotated with @Configuration.
2023-09-13 00:04:51 [Test worker] INFO  o.s.b.t.c.SpringBootTestContextBootstrapper - Found @SpringBootConfiguration com.example.customer.CustomerServiceApplication for test class com.example.customer.OrderDetailApplicationTests
2023-09-13 00:04:51 [Test worker] INFO  o.s.b.t.c.SpringBootTestContextBootstrapper - Loaded default TestExecutionListener class names from location [META-INF/spring.factories]: [org.springframework.boot.test.autoconfigure.restdocs.RestDocsTestExecutionListener, org.springframework.boot.test.autoconfigure.web.client.MockRestServiceServerResetTestExecutionListener, org.springframework.boot.test.autoconfigure.web.servlet.MockMvcPrintOnlyOnFailureTestExecutionListener, org.springframework.boot.test.autoconfigure.web.servlet.WebDriverTestExecutionListener, org.springframework.boot.test.mock.mockito.MockitoTestExecutionListener, org.springframework.boot.test.mock.mockito.ResetMocksTestExecutionListener, org.springframework.test.context.web.ServletTestExecutionListener, org.springframework.test.context.support.DirtiesContextBeforeModesTestExecutionListener, org.springframework.test.context.support.DependencyInjectionTestExecutionListener, org.springframework.test.context.support.DirtiesContextTestExecutionListener, org.springframework.test.context.transaction.TransactionalTestExecutionListener, org.springframework.test.context.jdbc.SqlScriptsTestExecutionListener, org.springframework.test.context.event.EventPublishingTestExecutionListener]
2023-09-13 00:04:51 [Test worker] INFO  o.s.b.t.c.SpringBootTestContextBootstrapper - Using TestExecutionListeners: [org.springframework.test.context.web.ServletTestExecutionListener@21694e53, org.springframework.test.context.support.DirtiesContextBeforeModesTestExecutionListener@72b16078, org.springframework.boot.test.mock.mockito.MockitoTestExecutionListener@22c86919, org.springframework.boot.test.autoconfigure.SpringBootDependencyInjectionTestExecutionListener@70fab835, org.springframework.test.context.support.DirtiesContextTestExecutionListener@1b0a7baf, org.springframework.test.context.transaction.TransactionalTestExecutionListener@62417a16, org.springframework.test.context.jdbc.SqlScriptsTestExecutionListener@32057e6, org.springframework.test.context.event.EventPublishingTestExecutionListener@26be6ca7, org.springframework.boot.test.autoconfigure.restdocs.RestDocsTestExecutionListener@6ea1bcdc, org.springframework.boot.test.autoconfigure.web.client.MockRestServiceServerResetTestExecutionListener@759fad4, org.springframework.boot.test.autoconfigure.web.servlet.MockMvcPrintOnlyOnFailureTestExecutionListener@64712be, org.springframework.boot.test.autoconfigure.web.servlet.WebDriverTestExecutionListener@53499d85, org.springframework.boot.test.mock.mockito.ResetMocksTestExecutionListener@30ed9c6c]

  .   ____          _            __ _ _
 /\\ / ___'_ __ _ _(_)_ __  __ _ \ \ \ \
( ( )\___ | '_ | '_| | '_ \/ _` | \ \ \ \
 \\/  ___)| |_)| | | | | || (_| |  ) ) ) )
  '  |____| .__|_| |_|_| |_\__, | / / / /
 =========|_|==============|___/=/_/_/_/
 :: Spring Boot ::        (v2.2.6.RELEASE)

2023-09-13 00:04:51 [Test worker] INFO  c.e.c.OrderDetailApplicationTests - Starting OrderDetailApplicationTests on hanjeongheon-ui-MacBookPro.local with PID 78582 (started by hanjeongheon in /Users/hanjeongheon/aws_msa/customer/customer-service)
2023-09-13 00:04:51 [Test worker] INFO  c.e.c.OrderDetailApplicationTests - No active profile set, falling back to default profiles: default
2023-09-13 00:04:52 [Test worker] INFO  o.s.d.r.c.RepositoryConfigurationDelegate - Bootstrapping Spring Data JPA repositories in DEFAULT mode.
2023-09-13 00:04:52 [Test worker] INFO  o.s.d.r.c.RepositoryConfigurationDelegate - Finished Spring Data repository scanning in 38ms. Found 1 JPA repository interfaces.
2023-09-13 00:04:52 [Test worker] INFO  com.zaxxer.hikari.HikariDataSource - HikariPool-1 - Starting...
2023-09-13 00:04:53 [Test worker] INFO  com.zaxxer.hikari.HikariDataSource - HikariPool-1 - Start completed.
2023-09-13 00:04:53 [Test worker] INFO  o.h.jpa.internal.util.LogHelper - HHH000204: Processing PersistenceUnitInfo [name: default]
2023-09-13 00:04:53 [Test worker] INFO  org.hibernate.Version - HHH000412: Hibernate ORM core version 5.4.12.Final
2023-09-13 00:04:53 [Test worker] INFO  o.h.annotations.common.Version - HCANN000001: Hibernate Commons Annotations {5.1.0.Final}
2023-09-13 00:04:53 [Test worker] INFO  org.hibernate.dialect.Dialect - HHH000400: Using dialect: org.hibernate.dialect.H2Dialect
Hibernate: drop table customer if exists
Hibernate: drop table customer_credit_reservations if exists
Hibernate: create table customer (id bigint generated by default as identity, amount decimal(19,2), name varchar(255), primary key (id))
Hibernate: create table customer_credit_reservations (customer_id bigint not null, amount decimal(19,2), credit_reservations_key bigint not null, primary key (customer_id, credit_reservations_key))
Hibernate: alter table customer_credit_reservations add constraint FKnmxaefb0262tbaqt9mpogp521 foreign key (customer_id) references customer
2023-09-13 00:04:53 [Test worker] INFO  o.h.e.t.j.p.i.JtaPlatformInitiator - HHH000490: Using JtaPlatform implementation: [org.hibernate.engine.transaction.jta.platform.internal.NoJtaPlatform]
2023-09-13 00:04:53 [Test worker] INFO  o.s.o.j.LocalContainerEntityManagerFactoryBean - Initialized JPA EntityManagerFactory for persistence unit 'default'
2023-09-13 00:04:54 [Test worker] WARN  o.s.b.a.o.j.JpaBaseConfiguration$JpaWebConfiguration - spring.jpa.open-in-view is enabled by default. Therefore, database queries may be performed during view rendering. Explicitly configure spring.jpa.open-in-view to disable this warning
2023-09-13 00:04:54 [Test worker] INFO  o.s.s.c.ThreadPoolTaskExecutor - Initializing ExecutorService 'applicationTaskExecutor'
2023-09-13 00:04:54 [Test worker] INFO  o.s.b.a.h.H2ConsoleAutoConfiguration - H2 console available at '/console'. Database available at 'jdbc:h2:mem:test'
2023-09-13 00:04:55 [Test worker] INFO  o.a.k.c.consumer.ConsumerConfig - ConsumerConfig values: 
	allow.auto.create.topics = true
	auto.commit.interval.ms = 5000
	auto.offset.reset = earliest
	bootstrap.servers = [localhost:9092]
	check.crcs = true
	client.dns.lookup = default
	client.id = 
	client.rack = 
	connections.max.idle.ms = 540000
	default.api.timeout.ms = 60000
	enable.auto.commit = false
	exclude.internal.topics = true
	fetch.max.bytes = 52428800
	fetch.max.wait.ms = 500
	fetch.min.bytes = 1
	group.id = order
	group.instance.id = null
	heartbeat.interval.ms = 3000
	interceptor.classes = []
	internal.leave.group.on.close = true
	isolation.level = read_uncommitted
	key.deserializer = class org.apache.kafka.common.serialization.StringDeserializer
	max.partition.fetch.bytes = 1048576
	max.poll.interval.ms = 300000
	max.poll.records = 500
	metadata.max.age.ms = 300000
	metric.reporters = []
	metrics.num.samples = 2
	metrics.recording.level = INFO
	metrics.sample.window.ms = 30000
	partition.assignment.strategy = [class org.apache.kafka.clients.consumer.RangeAssignor]
	receive.buffer.bytes = 65536
	reconnect.backoff.max.ms = 1000
	reconnect.backoff.ms = 50
	request.timeout.ms = 30000
	retry.backoff.ms = 100
	sasl.client.callback.handler.class = null
	sasl.jaas.config = null
	sasl.kerberos.kinit.cmd = /usr/bin/kinit
	sasl.kerberos.min.time.before.relogin = 60000
	sasl.kerberos.service.name = null
	sasl.kerberos.ticket.renew.jitter = 0.05
	sasl.kerberos.ticket.renew.window.factor = 0.8
	sasl.login.callback.handler.class = null
	sasl.login.class = null
	sasl.login.refresh.buffer.seconds = 300
	sasl.login.refresh.min.period.seconds = 60
	sasl.login.refresh.window.factor = 0.8
	sasl.login.refresh.window.jitter = 0.05
	sasl.mechanism = GSSAPI
	security.protocol = PLAINTEXT
	send.buffer.bytes = 131072
	session.timeout.ms = 10000
	ssl.cipher.suites = null
	ssl.enabled.protocols = [TLSv1.2, TLSv1.1, TLSv1]
	ssl.endpoint.identification.algorithm = https
	ssl.key.password = null
	ssl.keymanager.algorithm = SunX509
	ssl.keystore.location = null
	ssl.keystore.password = null
	ssl.keystore.type = JKS
	ssl.protocol = TLS
	ssl.provider = null
	ssl.secure.random.implementation = null
	ssl.trustmanager.algorithm = PKIX
	ssl.truststore.location = null
	ssl.truststore.password = null
	ssl.truststore.type = JKS
	value.deserializer = class org.springframework.kafka.support.serializer.JsonDeserializer

2023-09-13 00:04:55 [Test worker] INFO  o.a.kafka.common.utils.AppInfoParser - Kafka version: 2.3.1
2023-09-13 00:04:55 [Test worker] INFO  o.a.kafka.common.utils.AppInfoParser - Kafka commitId: 18a913733fb71c01
2023-09-13 00:04:55 [Test worker] INFO  o.a.kafka.common.utils.AppInfoParser - Kafka startTimeMs: 1694531095285
2023-09-13 00:04:55 [Test worker] INFO  o.a.k.clients.consumer.KafkaConsumer - [Consumer clientId=consumer-1, groupId=order] Subscribed to topic(s): orderTopic
2023-09-13 00:04:55 [Test worker] INFO  o.s.s.c.ThreadPoolTaskScheduler - Initializing ExecutorService
2023-09-13 00:04:55 [org.springframework.kafka.KafkaListenerEndpointContainer#0-0-C-1] WARN  o.apache.kafka.clients.NetworkClient - [Consumer clientId=consumer-1, groupId=order] Connection to node -1 (localhost/127.0.0.1:9092) could not be established. Broker may not be available.
2023-09-13 00:04:55 [org.springframework.kafka.KafkaListenerEndpointContainer#0-0-C-1] WARN  o.apache.kafka.clients.NetworkClient - [Consumer clientId=consumer-1, groupId=order] Connection to node -1 (localhost/127.0.0.1:9092) could not be established. Broker may not be available.
2023-09-13 00:04:55 [Test worker] INFO  c.e.c.OrderDetailApplicationTests - Started OrderDetailApplicationTests in 3.888 seconds (JVM running for 4.896)
]]></system-out>
  <system-err><![CDATA[]]></system-err>
</testsuite>
